[0.963s] Invoking command in '/home/jlukas/My_Project/ROS2/test/build/diffdrive_arduino': AMENT_PREFIX_PATH=/home/jlukas/My_Project/ROS2/test/install/serial:${AMENT_PREFIX_PATH} CMAKE_PREFIX_PATH=/home/jlukas/My_Project/ROS2/test/install/serial:/home/jlukas/ldlidar_ros2_ws/install/ldlidar_stl_ros2:/opt/ros/humble LD_LIBRARY_PATH=/home/jlukas/My_Project/ROS2/test/install/serial/lib:${LD_LIBRARY_PATH} /usr/bin/cmake /home/jlukas/My_Project/ROS2/test/src/diffdrive_arduino -DCMAKE_INSTALL_PREFIX=/home/jlukas/My_Project/ROS2/test/install/diffdrive_arduino
[4.436s] -- The C compiler identification is GNU 11.4.0
[5.443s] -- The CXX compiler identification is GNU 11.4.0
[5.567s] -- Detecting C compiler ABI info
[6.507s] -- Detecting C compiler ABI info - done
[6.587s] -- Check for working C compiler: /usr/bin/cc - skipped
[6.593s] -- Detecting C compile features
[6.599s] -- Detecting C compile features - done
[6.641s] -- Detecting CXX compiler ABI info
[7.510s] -- Detecting CXX compiler ABI info - done
[7.591s] -- Check for working CXX compiler: /usr/bin/c++ - skipped
[7.593s] -- Detecting CXX compile features
[7.598s] -- Detecting CXX compile features - done
[7.758s] -- Found ament_cmake: 1.3.6 (/opt/ros/humble/share/ament_cmake/cmake)
[10.393s] -- Found Python3: /usr/bin/python3.10 (found version "3.10.12") found components: Interpreter 
[12.313s] -- Found serial: 1.2.1 (/home/jlukas/My_Project/ROS2/test/install/serial/share/serial/cmake)
[12.385s] -- Found hardware_interface: 2.35.0 (/opt/ros/humble/share/hardware_interface/cmake)
[13.536s] -- Found rosidl_generator_c: 3.1.5 (/opt/ros/humble/share/rosidl_generator_c/cmake)
[13.691s] -- Found rosidl_adapter: 3.1.5 (/opt/ros/humble/share/rosidl_adapter/cmake)
[13.898s] -- Found rosidl_generator_cpp: 3.1.5 (/opt/ros/humble/share/rosidl_generator_cpp/cmake)
[14.201s] -- Using all available rosidl_typesupport_c: rosidl_typesupport_fastrtps_c;rosidl_typesupport_introspection_c
[14.594s] -- Using all available rosidl_typesupport_cpp: rosidl_typesupport_fastrtps_cpp;rosidl_typesupport_introspection_cpp
[24.230s] -- Found rmw_implementation_cmake: 6.1.1 (/opt/ros/humble/share/rmw_implementation_cmake/cmake)
[24.317s] -- Found rmw_fastrtps_cpp: 6.2.5 (/opt/ros/humble/share/rmw_fastrtps_cpp/cmake)
[25.035s] -- Found TinyXML2 via Config file: TinyXML2_DIR-NOTFOUND
[25.837s] -- Found OpenSSL: /usr/lib/aarch64-linux-gnu/libcrypto.so (found version "3.0.2")  
[25.874s] -- Found TinyXML2 via Config file: TinyXML2_DIR-NOTFOUND
[26.071s] -- Found FastRTPS: /opt/ros/humble/include  
[26.179s] -- Found TinyXML2 via Config file: TinyXML2_DIR-NOTFOUND
[26.256s] -- Found TinyXML2 via Config file: TinyXML2_DIR-NOTFOUND
[26.349s] -- Using RMW implementation 'rmw_fastrtps_cpp' as default
[26.617s] -- Looking for pthread.h
[27.477s] -- Looking for pthread.h - found
[27.480s] -- Performing Test CMAKE_HAVE_LIBC_PTHREAD
[28.316s] -- Performing Test CMAKE_HAVE_LIBC_PTHREAD - Success
[28.327s] -- Found Threads: TRUE  
[30.562s] -- Found controller_manager: 2.35.0 (/opt/ros/humble/share/controller_manager/cmake)
[46.362s] -- Configuring done
[47.607s] -- Generating done
[47.630s] -- Build files have been written to: /home/jlukas/My_Project/ROS2/test/build/diffdrive_arduino
[47.741s] Invoked command in '/home/jlukas/My_Project/ROS2/test/build/diffdrive_arduino' returned '0': AMENT_PREFIX_PATH=/home/jlukas/My_Project/ROS2/test/install/serial:${AMENT_PREFIX_PATH} CMAKE_PREFIX_PATH=/home/jlukas/My_Project/ROS2/test/install/serial:/home/jlukas/ldlidar_ros2_ws/install/ldlidar_stl_ros2:/opt/ros/humble LD_LIBRARY_PATH=/home/jlukas/My_Project/ROS2/test/install/serial/lib:${LD_LIBRARY_PATH} /usr/bin/cmake /home/jlukas/My_Project/ROS2/test/src/diffdrive_arduino -DCMAKE_INSTALL_PREFIX=/home/jlukas/My_Project/ROS2/test/install/diffdrive_arduino
[47.764s] Invoking command in '/home/jlukas/My_Project/ROS2/test/build/diffdrive_arduino': AMENT_PREFIX_PATH=/home/jlukas/My_Project/ROS2/test/install/serial:${AMENT_PREFIX_PATH} CMAKE_PREFIX_PATH=/home/jlukas/My_Project/ROS2/test/install/serial:/home/jlukas/ldlidar_ros2_ws/install/ldlidar_stl_ros2:/opt/ros/humble LD_LIBRARY_PATH=/home/jlukas/My_Project/ROS2/test/install/serial/lib:${LD_LIBRARY_PATH} /usr/bin/cmake --build /home/jlukas/My_Project/ROS2/test/build/diffdrive_arduino -- -j4 -l4
[48.288s] [ 42%] [32mBuilding CXX object CMakeFiles/diffdrive_arduino.dir/src/diffdrive_arduino.cpp.o[0m
[48.290s] [ 42%] [32mBuilding CXX object CMakeFiles/diffdrive_arduino.dir/src/wheel.cpp.o[0m
[48.291s] [ 42%] [32mBuilding CXX object CMakeFiles/fake_robot.dir/src/fake_robot.cpp.o[0m
[48.306s] [ 57%] [32mBuilding CXX object CMakeFiles/fake_robot.dir/src/wheel.cpp.o[0m
[55.488s] [ 71%] [32mBuilding CXX object CMakeFiles/diffdrive_arduino.dir/src/arduino_comms.cpp.o[0m
[56.489s] In file included from [01m[K/home/jlukas/My_Project/ROS2/test/src/diffdrive_arduino/src/fake_robot.cpp:1[m[K:
[56.491s] [01m[K/home/jlukas/My_Project/ROS2/test/src/diffdrive_arduino/include/diffdrive_arduino/fake_robot.h:7:10:[m[K [01;31m[Kfatal error: [m[Khardware_interface/base_interface.hpp: No such file or directory
[56.492s]     7 | #include [01;31m[K"hardware_interface/base_interface.hpp"[m[K
[56.494s]       |          [01;31m[K^~~~~~~~~~~~~~~~~~~~~~~~~~~~~~~~~~~~~~~[m[K
[56.495s] compilation terminated.
[56.496s] In file included from [01m[K/home/jlukas/My_Project/ROS2/test/src/diffdrive_arduino/src/diffdrive_arduino.cpp:1[m[K:
[56.498s] [01m[K/home/jlukas/My_Project/ROS2/test/src/diffdrive_arduino/include/diffdrive_arduino/diffdrive_arduino.h:7:10:[m[K [01;31m[Kfatal error: [m[Khardware_interface/base_interface.hpp: No such file or directory
[56.499s]     7 | #include [01;31m[K"hardware_interface/base_interface.hpp"[m[K
[56.501s]       |          [01;31m[K^~~~~~~~~~~~~~~~~~~~~~~~~~~~~~~~~~~~~~~[m[K
[56.502s] compilation terminated.
[56.524s] gmake[2]: *** [CMakeFiles/fake_robot.dir/build.make:76: CMakeFiles/fake_robot.dir/src/fake_robot.cpp.o] Error 1
[56.526s] gmake[2]: *** [CMakeFiles/diffdrive_arduino.dir/build.make:76: CMakeFiles/diffdrive_arduino.dir/src/diffdrive_arduino.cpp.o] Error 1
[56.527s] gmake[2]: *** Waiting for unfinished jobs....
[56.527s] gmake[1]: *** [CMakeFiles/Makefile2:165: CMakeFiles/fake_robot.dir/all] Error 2
[56.528s] gmake[1]: *** Waiting for unfinished jobs....
[165.137s] gmake[1]: *** [CMakeFiles/Makefile2:139: CMakeFiles/diffdrive_arduino.dir/all] Error 2
[165.219s] gmake: *** [Makefile:146: all] Error 2
[167.008s] Invoked command in '/home/jlukas/My_Project/ROS2/test/build/diffdrive_arduino' returned '2': AMENT_PREFIX_PATH=/home/jlukas/My_Project/ROS2/test/install/serial:${AMENT_PREFIX_PATH} CMAKE_PREFIX_PATH=/home/jlukas/My_Project/ROS2/test/install/serial:/home/jlukas/ldlidar_ros2_ws/install/ldlidar_stl_ros2:/opt/ros/humble LD_LIBRARY_PATH=/home/jlukas/My_Project/ROS2/test/install/serial/lib:${LD_LIBRARY_PATH} /usr/bin/cmake --build /home/jlukas/My_Project/ROS2/test/build/diffdrive_arduino -- -j4 -l4
