# JRE version: Java(TM) SE Runtime Environment (8.0_191-b12) (build 1.8.0_191-b12)
# Java VM: Java HotSpot(TM) Client VM (25.191-b12 mixed mode windows-x86 )
Heap:
 def new generation   total 157248K, used 157247K [0x05200000, 0x0fca0000, 0x0fca0000)
  eden space 139776K, 100% used [0x05200000, 0x0da80000, 0x0da80000)
  from space 17472K,  99% used [0x0da80000, 0x0eb8fff8, 0x0eb90000)
  to   space 17472K,   0% used [0x0eb90000, 0x0eb90000, 0x0fca0000)
 tenured generation   total 349568K, used 349567K [0x0fca0000, 0x25200000, 0x25200000)
   the space 349568K,  99% used [0x0fca0000, 0x251ffff0, 0x25200000, 0x25200000)
 Metaspace       used 22685K, capacity 23216K, committed 23424K, reserved 23936K
GC Heap History (10 events):
Event: 3021.235 GC heap before
{Heap before GC invocations=735 (full 607):
 def new generation   total 157248K, used 157247K [0x05200000, 0x0fca0000, 0x0fca0000)
  eden space 139776K, 100% used [0x05200000, 0x0da80000, 0x0da80000)
  from space 17472K,  99% used [0x0da80000, 0x0eb8ffd8, 0x0eb90000)
  to   space 17472K,   0% used [0x0eb90000, 0x0eb90000, 0x0fca0000)
 tenured generation   total 349568K, used 349567K [0x0fca0000, 0x25200000, 0x25200000)
   the space 349568K,  99% used [0x0fca0000, 0x251fffb0, 0x25200000, 0x25200000)
 Metaspace       used 22685K, capacity 23216K, committed 23424K, reserved 23936K
Event: 3021.594 GC heap after
Heap after GC invocations=736 (full 608):
 def new generation   total 157248K, used 157247K [0x05200000, 0x0fca0000, 0x0fca0000)
  eden space 139776K,  99% used [0x05200000, 0x0da7ffc8, 0x0da80000)
  from space 17472K,  99% used [0x0da80000, 0x0eb8fee0, 0x0eb90000)
  to   space 17472K,   0% used [0x0eb90000, 0x0eb90000, 0x0fca0000)
 tenured generation   total 349568K, used 349566K [0x0fca0000, 0x25200000, 0x25200000)
   the space 349568K,  99% used [0x0fca0000, 0x251ff9c0, 0x251ffa00, 0x25200000)
 Metaspace       used 22685K, capacity 23216K, committed 23424K, reserved 23936K
}
Event: 3021.594 GC heap before
{Heap before GC invocations=736 (full 608):
 def new generation   total 157248K, used 157247K [0x05200000, 0x0fca0000, 0x0fca0000)
  eden space 139776K, 100% used [0x05200000, 0x0da80000, 0x0da80000)
  from space 17472K,  99% used [0x0da80000, 0x0eb8ff80, 0x0eb90000)
  to   space 17472K,   0% used [0x0eb90000, 0x0eb90000, 0x0fca0000)
 tenured generation   total 349568K, used 349567K [0x0fca0000, 0x25200000, 0x25200000)
   the space 349568K,  99% used [0x0fca0000, 0x251fffe8, 0x25200000, 0x25200000)
 Metaspace       used 22685K, capacity 23216K, committed 23424K, reserved 23936K
Event: 3021.950 GC heap after
Heap after GC invocations=737 (full 609):
 def new generation   total 157248K, used 157247K [0x05200000, 0x0fca0000, 0x0fca0000)
  eden space 139776K,  99% used [0x05200000, 0x0da7ffe8, 0x0da80000)
  from space 17472K,  99% used [0x0da80000, 0x0eb8fea0, 0x0eb90000)
  to   space 17472K,   0% used [0x0eb90000, 0x0eb90000, 0x0fca0000)
 tenured generation   total 349568K, used 349567K [0x0fca0000, 0x25200000, 0x25200000)
   the space 349568K,  99% used [0x0fca0000, 0x251fffe8, 0x25200000, 0x25200000)
 Metaspace       used 22685K, capacity 23216K, committed 23424K, reserved 23936K
}
Event: 3021.950 GC heap before
{Heap before GC invocations=737 (full 609):
 def new generation   total 157248K, used 157247K [0x05200000, 0x0fca0000, 0x0fca0000)
  eden space 139776K,  99% used [0x05200000, 0x0da7ffe8, 0x0da80000)
  from space 17472K,  99% used [0x0da80000, 0x0eb8fea0, 0x0eb90000)
  to   space 17472K,   0% used [0x0eb90000, 0x0eb90000, 0x0fca0000)
 tenured generation   total 349568K, used 349567K [0x0fca0000, 0x25200000, 0x25200000)
   the space 349568K,  99% used [0x0fca0000, 0x251fffe8, 0x25200000, 0x25200000)
 Metaspace       used 22685K, capacity 23216K, committed 23424K, reserved 23936K
Event: 3022.311 GC heap after
Heap after GC invocations=738 (full 610):
 def new generation   total 157248K, used 157247K [0x05200000, 0x0fca0000, 0x0fca0000)
  eden space 139776K,  99% used [0x05200000, 0x0da7ffe8, 0x0da80000)
  from space 17472K,  99% used [0x0da80000, 0x0eb8fea0, 0x0eb90000)
  to   space 17472K,   0% used [0x0eb90000, 0x0eb90000, 0x0fca0000)
 tenured generation   total 349568K, used 349567K [0x0fca0000, 0x25200000, 0x25200000)
   the space 349568K,  99% used [0x0fca0000, 0x251ffdf0, 0x251ffe00, 0x25200000)
 Metaspace       used 22685K, capacity 23216K, committed 23424K, reserved 23936K
}
Event: 3022.311 GC heap before
{Heap before GC invocations=738 (full 610):
 def new generation   total 157248K, used 157247K [0x05200000, 0x0fca0000, 0x0fca0000)
  eden space 139776K,  99% used [0x05200000, 0x0da7fff8, 0x0da80000)
  from space 17472K, 100% used [0x0da80000, 0x0eb90000, 0x0eb90000)
  to   space 17472K,   0% used [0x0eb90000, 0x0eb90000, 0x0fca0000)
 tenured generation   total 349568K, used 349567K [0x0fca0000, 0x25200000, 0x25200000)
   the space 349568K,  99% used [0x0fca0000, 0x251fff98, 0x25200000, 0x25200000)
 Metaspace       used 22685K, capacity 23216K, committed 23424K, reserved 23936K
Event: 3022.685 GC heap after
Heap after GC invocations=739 (full 611):
 def new generation   total 157248K, used 157244K [0x05200000, 0x0fca0000, 0x0fca0000)
  eden space 139776K,  99% used [0x05200000, 0x0da7fea8, 0x0da80000)
  from space 17472K,  99% used [0x0da80000, 0x0eb8f2e0, 0x0eb90000)
  to   space 17472K,   0% used [0x0eb90000, 0x0eb90000, 0x0fca0000)
 tenured generation   total 349568K, used 349567K [0x0fca0000, 0x25200000, 0x25200000)
   the space 349568K,  99% used [0x0fca0000, 0x251fff98, 0x25200000, 0x25200000)
 Metaspace       used 22685K, capacity 23216K, committed 23424K, reserved 23936K
}
Event: 3022.685 GC heap before
{Heap before GC invocations=739 (full 611):
 def new generation   total 157248K, used 157244K [0x05200000, 0x0fca0000, 0x0fca0000)
  eden space 139776K,  99% used [0x05200000, 0x0da7fea8, 0x0da80000)
  from space 17472K,  99% used [0x0da80000, 0x0eb8f2e0, 0x0eb90000)
  to   space 17472K,   0% used [0x0eb90000, 0x0eb90000, 0x0fca0000)
 tenured generation   total 349568K, used 349567K [0x0fca0000, 0x25200000, 0x25200000)
   the space 349568K,  99% used [0x0fca0000, 0x251fff98, 0x25200000, 0x25200000)
 Metaspace       used 22685K, capacity 23216K, committed 23424K, reserved 23936K
Event: 3023.143 GC heap after
Heap after GC invocations=740 (full 612):
 def new generation   total 157248K, used 157244K [0x05200000, 0x0fca0000, 0x0fca0000)
  eden space 139776K,  99% used [0x05200000, 0x0da7fea8, 0x0da80000)
  from space 17472K,  99% used [0x0da80000, 0x0eb8f2e0, 0x0eb90000)
  to   space 17472K,   0% used [0x0eb90000, 0x0eb90000, 0x0fca0000)
 tenured generation   total 349568K, used 349563K [0x0fca0000, 0x25200000, 0x25200000)
   the space 349568K,  99% used [0x0fca0000, 0x251fef48, 0x251ff000, 0x25200000)
 Metaspace       used 22685K, capacity 23216K, committed 23424K, reserved 23936K
}

