[0.755s] Invoking command in '/home/jlukas/Desktop/My_Project/ROS2/techdiffbot/build/visualization_marker_tutorials': CMAKE_PREFIX_PATH=${CMAKE_PREFIX_PATH}:/home/jlukas/Desktop/My_Project/ROS2/ros2_rpi_cv2/install/ros2_rpi_cv2:/home/jlukas/Desktop/My_Project/ROS2/rover/install/rover:/opt/ros/humble /usr/bin/cmake /home/jlukas/Desktop/My_Project/ROS2/techdiffbot/src/visualization_tutorials/visualization_marker_tutorials -DCMAKE_INSTALL_PREFIX=/home/jlukas/Desktop/My_Project/ROS2/techdiffbot/install/visualization_marker_tutorials
[2.026s] -- The C compiler identification is GNU 11.4.0
[2.948s] -- The CXX compiler identification is GNU 11.4.0
[2.993s] -- Detecting C compiler ABI info
[3.511s] -- Detecting C compiler ABI info - done
[3.546s] -- Check for working C compiler: /usr/bin/cc - skipped
[3.547s] -- Detecting C compile features
[3.550s] -- Detecting C compile features - done
[3.567s] -- Detecting CXX compiler ABI info
[4.087s] -- Detecting CXX compiler ABI info - done
[4.119s] -- Check for working CXX compiler: /usr/bin/c++ - skipped
[4.120s] -- Detecting CXX compile features
[4.122s] -- Detecting CXX compile features - done
[4.188s] -- Found ament_cmake: 1.3.8 (/opt/ros/humble/share/ament_cmake/cmake)
[5.325s] -- Found Python3: /usr/bin/python3 (found version "3.10.12") found components: Interpreter 
[6.514s] -- Found rclcpp: 16.0.8 (/opt/ros/humble/share/rclcpp/cmake)
[7.164s] -- Found rosidl_generator_c: 3.1.5 (/opt/ros/humble/share/rosidl_generator_c/cmake)
[7.263s] -- Found rosidl_adapter: 3.1.5 (/opt/ros/humble/share/rosidl_adapter/cmake)
[7.388s] -- Found rosidl_generator_cpp: 3.1.5 (/opt/ros/humble/share/rosidl_generator_cpp/cmake)
[7.553s] -- Using all available rosidl_typesupport_c: rosidl_typesupport_fastrtps_c;rosidl_typesupport_introspection_c
[7.781s] -- Using all available rosidl_typesupport_cpp: rosidl_typesupport_fastrtps_cpp;rosidl_typesupport_introspection_cpp
[8.527s] -- Found rmw_implementation_cmake: 6.1.1 (/opt/ros/humble/share/rmw_implementation_cmake/cmake)
[8.583s] -- Found rmw_fastrtps_cpp: 6.2.6 (/opt/ros/humble/share/rmw_fastrtps_cpp/cmake)
[9.549s] -- Found OpenSSL: /usr/lib/aarch64-linux-gnu/libcrypto.so (found version "3.0.2")  
[9.912s] -- Found FastRTPS: /opt/ros/humble/include  
[10.525s] -- Using RMW implementation 'rmw_fastrtps_cpp' as default
[10.696s] -- Looking for pthread.h
[11.198s] -- Looking for pthread.h - found
[11.202s] -- Performing Test CMAKE_HAVE_LIBC_PTHREAD
[11.669s] -- Performing Test CMAKE_HAVE_LIBC_PTHREAD - Success
[11.675s] -- Found Threads: TRUE  
[12.639s] -- Found geometry_msgs: 4.2.3 (/opt/ros/humble/share/geometry_msgs/cmake)
[12.913s] -- Found visualization_msgs: 4.2.3 (/opt/ros/humble/share/visualization_msgs/cmake)
[14.091s] -- Found ament_lint_auto: 0.12.10 (/opt/ros/humble/share/ament_lint_auto/cmake)
[14.986s] -- Added test 'copyright' to check source files copyright and LICENSE
[15.004s] -- Added test 'cppcheck' to perform static code analysis on C / C++ code
[15.005s] -- Configured cppcheck include dirs: 
[15.006s] -- Configured cppcheck exclude dirs and/or files: 
[15.019s] -- Added test 'cpplint' to check C / C++ code against the Google style
[15.019s] -- Configured cpplint exclude dirs and/or files: 
[15.026s] -- Added test 'flake8' to check Python code syntax and style conventions
[15.034s] -- Added test 'lint_cmake' to check CMake code style
[15.042s] -- Added test 'pep257' to check Python code against some of the docstring style conventions in PEP 257
[15.056s] -- Added test 'uncrustify' to check C / C++ code style
[15.057s] -- Configured uncrustify additional arguments: 
[15.066s] -- Added test 'xmllint' to check XML markup files
[15.086s] -- Configuring done
[15.200s] -- Generating done
[15.211s] -- Build files have been written to: /home/jlukas/Desktop/My_Project/ROS2/techdiffbot/build/visualization_marker_tutorials
[15.275s] Invoked command in '/home/jlukas/Desktop/My_Project/ROS2/techdiffbot/build/visualization_marker_tutorials' returned '0': CMAKE_PREFIX_PATH=${CMAKE_PREFIX_PATH}:/home/jlukas/Desktop/My_Project/ROS2/ros2_rpi_cv2/install/ros2_rpi_cv2:/home/jlukas/Desktop/My_Project/ROS2/rover/install/rover:/opt/ros/humble /usr/bin/cmake /home/jlukas/Desktop/My_Project/ROS2/techdiffbot/src/visualization_tutorials/visualization_marker_tutorials -DCMAKE_INSTALL_PREFIX=/home/jlukas/Desktop/My_Project/ROS2/techdiffbot/install/visualization_marker_tutorials
[15.278s] Invoking command in '/home/jlukas/Desktop/My_Project/ROS2/techdiffbot/build/visualization_marker_tutorials': CMAKE_PREFIX_PATH=${CMAKE_PREFIX_PATH}:/home/jlukas/Desktop/My_Project/ROS2/ros2_rpi_cv2/install/ros2_rpi_cv2:/home/jlukas/Desktop/My_Project/ROS2/rover/install/rover:/opt/ros/humble /usr/bin/cmake --build /home/jlukas/Desktop/My_Project/ROS2/techdiffbot/build/visualization_marker_tutorials -- -j4 -l4
[15.608s] [ 25%] [32mBuilding CXX object CMakeFiles/points_and_lines.dir/src/points_and_lines.cpp.o[0m
[15.610s] [ 50%] [32mBuilding CXX object CMakeFiles/basic_shapes.dir/src/basic_shapes.cpp.o[0m
[78.325s] [01m[Kc++:[m[K [01;31m[Kfatal error: [m[KKilled signal terminated program cc1plus
[78.348s] compilation terminated.
[78.349s] gmake[2]: *** [CMakeFiles/points_and_lines.dir/build.make:76: CMakeFiles/points_and_lines.dir/src/points_and_lines.cpp.o] Error 1
[78.350s] gmake[1]: *** [CMakeFiles/Makefile2:165: CMakeFiles/points_and_lines.dir/all] Error 2
[78.350s] gmake[1]: *** Waiting for unfinished jobs....
[89.981s] [ 75%] [32m[1mLinking CXX executable basic_shapes[0m
[92.330s] [ 75%] Built target basic_shapes
[92.342s] gmake: *** [Makefile:146: all] Error 2
[92.453s] Invoked command in '/home/jlukas/Desktop/My_Project/ROS2/techdiffbot/build/visualization_marker_tutorials' returned '2': CMAKE_PREFIX_PATH=${CMAKE_PREFIX_PATH}:/home/jlukas/Desktop/My_Project/ROS2/ros2_rpi_cv2/install/ros2_rpi_cv2:/home/jlukas/Desktop/My_Project/ROS2/rover/install/rover:/opt/ros/humble /usr/bin/cmake --build /home/jlukas/Desktop/My_Project/ROS2/techdiffbot/build/visualization_marker_tutorials -- -j4 -l4
